  [1m[35m (10.1ms)[0m  [1m[34mSELECT sqlite_version(*)[0m
  [1m[35m (2.0ms)[0m  [1m[35mCREATE TABLE "schema_migrations" ("version" varchar NOT NULL PRIMARY KEY)[0m
  [1m[35m (1.9ms)[0m  [1m[35mCREATE TABLE "ar_internal_metadata" ("key" varchar NOT NULL PRIMARY KEY, "value" varchar, "created_at" datetime(6) NOT NULL, "updated_at" datetime(6) NOT NULL)[0m
  [1m[35m (0.3ms)[0m  [1m[34mSELECT "schema_migrations"."version" FROM "schema_migrations" ORDER BY "schema_migrations"."version" ASC[0m
Migrating to CreateGalleries (20210903015104)
  [1m[36mTRANSACTION (0.1ms)[0m  [1m[36mbegin transaction[0m
  [1m[35m (1.1ms)[0m  [1m[35mCREATE TABLE "galleries" ("id" integer PRIMARY KEY AUTOINCREMENT NOT NULL, "species_name" varchar, "description" text, "version" varchar, "link" text, "sortnumber" integer, "created_at" datetime(6) NOT NULL, "updated_at" datetime(6) NOT NULL)[0m
  [1m[36mActiveRecord::SchemaMigration Create (0.3ms)[0m  [1m[32mINSERT INTO "schema_migrations" ("version") VALUES (?)[0m  [["version", "20210903015104"]]
  [1m[36mTRANSACTION (1.2ms)[0m  [1m[36mcommit transaction[0m
  [1m[36mActiveRecord::InternalMetadata Load (0.7ms)[0m  [1m[34mSELECT "ar_internal_metadata".* FROM "ar_internal_metadata" WHERE "ar_internal_metadata"."key" = ? LIMIT ?[0m  [["key", "environment"], ["LIMIT", 1]]
  [1m[36mTRANSACTION (0.1ms)[0m  [1m[36mbegin transaction[0m
  [1m[36mActiveRecord::InternalMetadata Create (0.7ms)[0m  [1m[32mINSERT INTO "ar_internal_metadata" ("key", "value", "created_at", "updated_at") VALUES (?, ?, ?, ?)[0m  [["key", "environment"], ["value", "development"], ["created_at", "2021-09-03 01:51:37.976340"], ["updated_at", "2021-09-03 01:51:37.976340"]]
  [1m[36mTRANSACTION (1.7ms)[0m  [1m[36mcommit transaction[0m
  [1m[35m (0.2ms)[0m  [1m[34mSELECT sqlite_version(*)[0m
  [1m[35m (0.2ms)[0m  [1m[34mSELECT "schema_migrations"."version" FROM "schema_migrations" ORDER BY "schema_migrations"."version" ASC[0m
  [1m[35m (48.0ms)[0m  [1m[34mSELECT sqlite_version(*)[0m
  [1m[35m (32.9ms)[0m  [1m[34mSELECT sqlite_version(*)[0m
  [1m[35m (0.7ms)[0m  [1m[34mSELECT "schema_migrations"."version" FROM "schema_migrations" ORDER BY "schema_migrations"."version" ASC[0m
  [1m[36mActiveRecord::InternalMetadata Load (1.0ms)[0m  [1m[34mSELECT "ar_internal_metadata".* FROM "ar_internal_metadata" WHERE "ar_internal_metadata"."key" = ? LIMIT ?[0m  [["key", "environment"], ["LIMIT", 1]]
  [1m[35m (0.3ms)[0m  [1m[34mSELECT sqlite_version(*)[0m
  [1m[35m (0.2ms)[0m  [1m[34mSELECT "schema_migrations"."version" FROM "schema_migrations" ORDER BY "schema_migrations"."version" ASC[0m
Started GET "/" for ::1 at 2021-09-03 10:53:40 +0900
Started GET "/" for ::1 at 2021-09-03 10:53:40 +0900
  [1m[35m (4.1ms)[0m  [1m[34mSELECT sqlite_version(*)[0m
  [1m[35m (1.0ms)[0m  [1m[34mSELECT "schema_migrations"."version" FROM "schema_migrations" ORDER BY "schema_migrations"."version" ASC[0m
Processing by Rails::WelcomeController#index as HTML
Processing by Rails::WelcomeController#index as HTML
  Rendering /Users/takeshik/.rbenv/versions/3.0.2/lib/ruby/gems/3.0.0/gems/railties-6.1.4.1/lib/rails/templates/rails/welcome/index.html.erb
  Rendering /Users/takeshik/.rbenv/versions/3.0.2/lib/ruby/gems/3.0.0/gems/railties-6.1.4.1/lib/rails/templates/rails/welcome/index.html.erb
  Rendered /Users/takeshik/.rbenv/versions/3.0.2/lib/ruby/gems/3.0.0/gems/railties-6.1.4.1/lib/rails/templates/rails/welcome/index.html.erb (Duration: 53.6ms | Allocations: 611)
Completed 200 OK in 155ms (Views: 100.2ms | ActiveRecord: 0.0ms | Allocations: 3726)


  Rendered /Users/takeshik/.rbenv/versions/3.0.2/lib/ruby/gems/3.0.0/gems/railties-6.1.4.1/lib/rails/templates/rails/welcome/index.html.erb (Duration: 53.6ms | Allocations: 757)
Completed 200 OK in 190ms (Views: 140.6ms | ActiveRecord: 0.0ms | Allocations: 3839)


Started GET "/galleries" for ::1 at 2021-09-03 10:53:54 +0900
Processing by GalleriesController#index as HTML
  Rendering layout layouts/application.html.erb
  Rendering galleries/index.html.erb within layouts/application
  [1m[36mGallery Load (0.8ms)[0m  [1m[34mSELECT "galleries".* FROM "galleries"[0m
  ↳ app/views/galleries/index.html.erb:18
  Rendered galleries/index.html.erb within layouts/application (Duration: 27.1ms | Allocations: 1393)
[Webpacker] Compiling...
Started GET "/galleries" for ::1 at 2021-09-03 10:53:57 +0900
Processing by GalleriesController#index as HTML
  Rendering layout layouts/application.html.erb
  Rendering galleries/index.html.erb within layouts/application
  [1m[35m (0.2ms)[0m  [1m[34mSELECT sqlite_version(*)[0m
  ↳ app/views/galleries/index.html.erb:18
  [1m[36mGallery Load (0.3ms)[0m  [1m[34mSELECT "galleries".* FROM "galleries"[0m
  ↳ app/views/galleries/index.html.erb:18
  Rendered galleries/index.html.erb within layouts/application (Duration: 13.9ms | Allocations: 1469)
[Webpacker] Compiling...
[Webpacker] Compiled all packs in /Users/takeshik/study/scripts/test/d4rf/public/packs
[Webpacker] Compiled all packs in /Users/takeshik/study/scripts/test/d4rf/public/packs
[Webpacker] Hash: d049e51f054d7bb7b7f4
Version: webpack 4.46.0
Time: 5880ms
Built at: 2021/09/03 10:54:13
                                     Asset       Size       Chunks                         Chunk Names
    js/application-b6fefe692fc684992dfd.js   88.2 KiB  application  [emitted] [immutable]  application
js/application-b6fefe692fc684992dfd.js.map   96.9 KiB  application  [emitted] [dev]        application
                             manifest.json  364 bytes               [emitted]              
Entrypoint application = js/application-b6fefe692fc684992dfd.js js/application-b6fefe692fc684992dfd.js.map
[./app/javascript/packs/application.js] 395 bytes {application} [built]
[./node_modules/webpack/buildin/module.js] (webpack)/buildin/module.js 552 bytes {application} [built]
    + 2 hidden modules

[Webpacker] Hash: d049e51f054d7bb7b7f4
Version: webpack 4.46.0
Time: 5895ms
Built at: 2021/09/03 10:54:13
                                     Asset       Size       Chunks                         Chunk Names
    js/application-b6fefe692fc684992dfd.js   88.2 KiB  application  [emitted] [immutable]  application
js/application-b6fefe692fc684992dfd.js.map   96.9 KiB  application  [emitted] [dev]        application
                             manifest.json  364 bytes               [emitted]              
Entrypoint application = js/application-b6fefe692fc684992dfd.js js/application-b6fefe692fc684992dfd.js.map
[./app/javascript/packs/application.js] 395 bytes {application} [built]
[./node_modules/webpack/buildin/module.js] (webpack)/buildin/module.js 552 bytes {application} [built]
    + 2 hidden modules

  Rendered layout layouts/application.html.erb (Duration: 19221.2ms | Allocations: 27971)
Completed 200 OK in 19335ms (Views: 19240.2ms | ActiveRecord: 0.8ms | Allocations: 30248)


  Rendered layout layouts/application.html.erb (Duration: 16748.9ms | Allocations: 7303)
Completed 200 OK in 16752ms (Views: 16749.3ms | ActiveRecord: 1.1ms | Allocations: 7739)


Started GET "/galleries/new" for ::1 at 2021-09-03 10:54:24 +0900
Processing by GalleriesController#new as HTML
  Rendering layout layouts/application.html.erb
  Rendering galleries/new.html.erb within layouts/application
  Rendered galleries/_form.html.erb (Duration: 250.3ms | Allocations: 8479)
  Rendered galleries/new.html.erb within layouts/application (Duration: 285.1ms | Allocations: 9391)
[Webpacker] Everything's up-to-date. Nothing to do
  Rendered layout layouts/application.html.erb (Duration: 322.0ms | Allocations: 12926)
Completed 200 OK in 353ms (Views: 323.3ms | ActiveRecord: 1.7ms | Allocations: 18236)


Started POST "/galleries" for ::1 at 2021-09-03 10:54:51 +0900
Processing by GalleriesController#create as HTML
  Parameters: {"authenticity_token"=>"[FILTERED]", "gallery"=>{"species_name"=>"test test", "description"=>"test description", "version"=>"v1.0", "link"=>"", "sortnumber"=>"1"}, "commit"=>"Create Gallery"}
  [1m[36mTRANSACTION (0.1ms)[0m  [1m[36mbegin transaction[0m
  ↳ app/controllers/galleries_controller.rb:27:in `block in create'
  [1m[36mGallery Create (1.8ms)[0m  [1m[32mINSERT INTO "galleries" ("species_name", "description", "version", "link", "sortnumber", "created_at", "updated_at") VALUES (?, ?, ?, ?, ?, ?, ?)[0m  [["species_name", "test test"], ["description", "test description"], ["version", "v1.0"], ["link", ""], ["sortnumber", 1], ["created_at", "2021-09-03 01:54:51.536682"], ["updated_at", "2021-09-03 01:54:51.536682"]]
  ↳ app/controllers/galleries_controller.rb:27:in `block in create'
  [1m[36mTRANSACTION (1.6ms)[0m  [1m[36mcommit transaction[0m
  ↳ app/controllers/galleries_controller.rb:27:in `block in create'
Redirected to http://localhost:3000/galleries/1
Completed 302 Found in 22ms (ActiveRecord: 3.4ms | Allocations: 3493)


Started GET "/galleries/1" for ::1 at 2021-09-03 10:54:51 +0900
Processing by GalleriesController#show as HTML
  Parameters: {"id"=>"1"}
  [1m[36mGallery Load (0.4ms)[0m  [1m[34mSELECT "galleries".* FROM "galleries" WHERE "galleries"."id" = ? LIMIT ?[0m  [["id", 1], ["LIMIT", 1]]
  ↳ app/controllers/galleries_controller.rb:62:in `set_gallery'
  Rendering layout layouts/application.html.erb
  Rendering galleries/show.html.erb within layouts/application
  Rendered galleries/show.html.erb within layouts/application (Duration: 4.0ms | Allocations: 421)
[Webpacker] Everything's up-to-date. Nothing to do
  Rendered layout layouts/application.html.erb (Duration: 44.6ms | Allocations: 3918)
Completed 200 OK in 86ms (Views: 46.4ms | ActiveRecord: 0.4ms | Allocations: 7455)


Started GET "/galleries" for ::1 at 2021-09-03 10:54:54 +0900
Processing by GalleriesController#index as HTML
  Rendering layout layouts/application.html.erb
  Rendering galleries/index.html.erb within layouts/application
  [1m[36mGallery Load (0.3ms)[0m  [1m[34mSELECT "galleries".* FROM "galleries"[0m
  ↳ app/views/galleries/index.html.erb:18
  Rendered galleries/index.html.erb within layouts/application (Duration: 4.9ms | Allocations: 858)
[Webpacker] Everything's up-to-date. Nothing to do
  Rendered layout layouts/application.html.erb (Duration: 49.4ms | Allocations: 4295)
Completed 200 OK in 53ms (Views: 50.4ms | ActiveRecord: 0.3ms | Allocations: 4775)


Started GET "/galleries/new" for ::1 at 2021-09-03 10:54:55 +0900
Processing by GalleriesController#new as HTML
  Rendering layout layouts/application.html.erb
  Rendering galleries/new.html.erb within layouts/application
  Rendered galleries/_form.html.erb (Duration: 10.0ms | Allocations: 1282)
  Rendered galleries/new.html.erb within layouts/application (Duration: 10.8ms | Allocations: 1400)
[Webpacker] Everything's up-to-date. Nothing to do
  Rendered layout layouts/application.html.erb (Duration: 55.4ms | Allocations: 4889)
Completed 200 OK in 58ms (Views: 56.5ms | ActiveRecord: 0.0ms | Allocations: 5335)


Started POST "/galleries" for ::1 at 2021-09-03 10:55:15 +0900
Processing by GalleriesController#create as HTML
  Parameters: {"authenticity_token"=>"[FILTERED]", "gallery"=>{"species_name"=>"test test2", "description"=>"test description for 2", "version"=>"ver1.0", "link"=>"", "sortnumber"=>"2"}, "commit"=>"Create Gallery"}
  [1m[36mTRANSACTION (0.1ms)[0m  [1m[36mbegin transaction[0m
  ↳ app/controllers/galleries_controller.rb:27:in `block in create'
  [1m[36mGallery Create (0.8ms)[0m  [1m[32mINSERT INTO "galleries" ("species_name", "description", "version", "link", "sortnumber", "created_at", "updated_at") VALUES (?, ?, ?, ?, ?, ?, ?)[0m  [["species_name", "test test2"], ["description", "test description for 2"], ["version", "ver1.0"], ["link", ""], ["sortnumber", 2], ["created_at", "2021-09-03 01:55:15.643910"], ["updated_at", "2021-09-03 01:55:15.643910"]]
  ↳ app/controllers/galleries_controller.rb:27:in `block in create'
  [1m[36mTRANSACTION (1.6ms)[0m  [1m[36mcommit transaction[0m
  ↳ app/controllers/galleries_controller.rb:27:in `block in create'
Redirected to http://localhost:3000/galleries/2
Completed 302 Found in 21ms (ActiveRecord: 2.6ms | Allocations: 2578)


Started GET "/galleries/2" for ::1 at 2021-09-03 10:55:15 +0900
Processing by GalleriesController#show as HTML
  Parameters: {"id"=>"2"}
  [1m[36mGallery Load (0.2ms)[0m  [1m[34mSELECT "galleries".* FROM "galleries" WHERE "galleries"."id" = ? LIMIT ?[0m  [["id", 2], ["LIMIT", 1]]
  ↳ app/controllers/galleries_controller.rb:62:in `set_gallery'
  Rendering layout layouts/application.html.erb
  Rendering galleries/show.html.erb within layouts/application
  Rendered galleries/show.html.erb within layouts/application (Duration: 1.0ms | Allocations: 118)
[Webpacker] Everything's up-to-date. Nothing to do
  Rendered layout layouts/application.html.erb (Duration: 23.3ms | Allocations: 3524)
Completed 200 OK in 34ms (Views: 25.9ms | ActiveRecord: 0.2ms | Allocations: 4497)


Started GET "/galleries" for ::1 at 2021-09-03 10:55:17 +0900
Processing by GalleriesController#index as HTML
  Rendering layout layouts/application.html.erb
  Rendering galleries/index.html.erb within layouts/application
  [1m[36mGallery Load (0.2ms)[0m  [1m[34mSELECT "galleries".* FROM "galleries"[0m
  ↳ app/views/galleries/index.html.erb:18
  Rendered galleries/index.html.erb within layouts/application (Duration: 7.2ms | Allocations: 999)
[Webpacker] Everything's up-to-date. Nothing to do
  Rendered layout layouts/application.html.erb (Duration: 85.8ms | Allocations: 4508)
Completed 200 OK in 90ms (Views: 87.7ms | ActiveRecord: 0.2ms | Allocations: 4941)


